Started GET "/" for ::1 at 2017-04-03 17:07:27 -0400
  [1m[36mActiveRecord::SchemaMigration Load (17.8ms)[0m  [1m[34mSELECT "schema_migrations".* FROM "schema_migrations"[0m
Processing by EventsController#home as HTML
  Rendering events/home.html.erb within layouts/application
  [1m[36mImage Load (15.5ms)[0m  [1m[34mSELECT "images".* FROM "images"[0m
  Rendered events/home.html.erb within layouts/application (63.3ms)
Started GET "/about" for ::1 at 2017-04-03 17:07:34 -0400
Completed 200 OK in 15275ms (Views: 15150.1ms | ActiveRecord: 54.8ms)


Started GET "/" for ::1 at 2017-04-03 17:07:43 -0400
Started GET "/menus" for ::1 at 2017-04-03 17:07:43 -0400
Started GET "/about" for ::1 at 2017-04-03 17:07:43 -0400
Processing by UsersController#about as HTML
Processing by EventsController#home as HTML
  Rendering events/home.html.erb within layouts/application
  [1m[36mImage Load (1.9ms)[0m  [1m[34mSELECT "images".* FROM "images"[0m
  Rendered events/home.html.erb within layouts/application (7.4ms)
  Rendering users/about.html.erb within layouts/application
  Rendered users/about.html.erb within layouts/application (0.7ms)
Processing by UsersController#about as HTML
  Rendering users/about.html.erb within layouts/application
  Rendered users/about.html.erb within layouts/application (0.1ms)
Completed 200 OK in 512ms (Views: 490.2ms | ActiveRecord: 1.9ms)


Completed 200 OK in 338ms (Views: 331.4ms | ActiveRecord: 0.0ms)


Completed 200 OK in 686ms (Views: 673.9ms | ActiveRecord: 0.0ms)


Processing by MenusController#index as HTML
Started GET "/" for ::1 at 2017-04-03 17:07:44 -0400
Processing by EventsController#home as HTML
  Rendering menus/index.html.erb within layouts/application
  Rendering events/home.html.erb within layouts/application
  [1m[36mImage Load (2.3ms)[0m  [1m[34mSELECT "images".* FROM "images"[0m
  Rendered events/home.html.erb within layouts/application (5.2ms)
  [1m[36mMenu Load (23.3ms)[0m  [1m[34mSELECT "menus".* FROM "menus"[0m
  Rendered menus/index.html.erb within layouts/application (90.8ms)
Completed 200 OK in 455ms (Views: 287.7ms | ActiveRecord: 45.9ms)


Completed 200 OK in 360ms (Views: 347.8ms | ActiveRecord: 2.3ms)


  [1m[36mUser Load (75.7ms)[0m  [1m[34mSELECT "users".* FROM "users"[0m
  [1m[35m (9.0ms)[0m  [1m[35mBEGIN[0m
  [1m[35mSQL (61.6ms)[0m  [1m[32mINSERT INTO "users" ("first_name", "last_name", "email", "crypted_password", "salt", "created_at", "updated_at", "role") VALUES ($1, $2, $3, $4, $5, $6, $7, $8) RETURNING "id"[0m  [["first_name", "Yuri"], ["last_name", "Manahan"], ["email", "yuri.manahan@gmail.com"], ["crypted_password", "$2a$10$HpgkKAcUNY7Sz33fy.L6Vec003C9IgK0eX2Y3ZL44/dSu0f637VR6"], ["salt", "2nE1ftpkzqn463Z3z6Hz"], ["created_at", 2017-04-03 21:43:25 UTC], ["updated_at", 2017-04-03 21:43:25 UTC], ["role", "admin"]]
  [1m[35m (23.6ms)[0m  [1m[35mCOMMIT[0m
  [1m[36mUser Load (1.2ms)[0m  [1m[34mSELECT "users".* FROM "users"[0m
Started GET "/" for ::1 at 2017-04-04 17:23:10 -0400
  [1m[36mActiveRecord::SchemaMigration Load (24.4ms)[0m  [1m[34mSELECT "schema_migrations".* FROM "schema_migrations"[0m
Processing by EventsController#home as HTML
  Rendering events/home.html.erb within layouts/application
  [1m[36mImage Load (22.7ms)[0m  [1m[34mSELECT "images".* FROM "images"[0m
  Rendered events/home.html.erb within layouts/application (54.1ms)
Completed 200 OK in 2356ms (Views: 2021.9ms | ActiveRecord: 37.2ms)


Started GET "/sessions/new" for ::1 at 2017-04-04 17:24:46 -0400
  [1m[36mActiveRecord::SchemaMigration Load (0.9ms)[0m  [1m[34mSELECT "schema_migrations".* FROM "schema_migrations"[0m
Processing by SessionsController#new as HTML
  Rendering sessions/new.html.erb within layouts/application
  Rendered sessions/new.html.erb within layouts/application (56.5ms)
Completed 200 OK in 1216ms (Views: 1172.8ms | ActiveRecord: 0.0ms)


Started GET "/password_resets/new" for ::1 at 2017-04-04 17:24:50 -0400
Processing by PasswordResetsController#new as HTML
  Rendering password_resets/new.html.erb within layouts/application
  Rendered password_resets/new.html.erb within layouts/application (2.8ms)
Completed 200 OK in 178ms (Views: 173.7ms | ActiveRecord: 0.0ms)


Started POST "/password_resets" for ::1 at 2017-04-04 17:24:55 -0400
Processing by PasswordResetsController#create as HTML
  Parameters: {"utf8"=>"✓", "authenticity_token"=>"PvkkabWmGq0bF8me1JGCnVX+fLDnnZvswI2NRiVfrH5WnZ9mjEzP8HV7DhOziA3LJQ4o+8cb0r9Eo4RRctiS3A==", "email"=>"yuri.manahan@gmail.com", "commit"=>"Reset my password!"}
  [1m[36mUser Load (64.6ms)[0m  [1m[34mSELECT  "users".* FROM "users" WHERE "users"."email" = $1 LIMIT $2[0m  [["email", "yuri.manahan@gmail.com"], ["LIMIT", 1]]
  [1m[35mSQL (56.9ms)[0m  [1m[33mUPDATE "users" SET "reset_password_token" = 'm1fnXDPoNPeKy5MSzE5F', "reset_password_email_sent_at" = '2017-04-04 21:24:56.012557' WHERE "users"."id" = $1[0m  [["id", 1]]
  [1m[36mUser Load (1.1ms)[0m  [1m[34mSELECT  "users".* FROM "users" WHERE "users"."id" = $1 LIMIT $2[0m  [["id", 1], ["LIMIT", 1]]
  Rendering user_mailer/reset_password_email.html.erb within layouts/mailer
  Rendered user_mailer/reset_password_email.html.erb within layouts/mailer (2.4ms)
  Rendering user_mailer/reset_password_email.text.erb within layouts/mailer
  Rendered user_mailer/reset_password_email.text.erb within layouts/mailer (0.8ms)
UserMailer#reset_password_email: processed outbound mail in 421.2ms
Sent mail to yuri.manahan@gmail.com (3416.8ms)
Date: Tue, 04 Apr 2017 17:24:56 -0400
From: bitmakersandbox@gmail.com
To: yuri.manahan@gmail.com
Message-ID: <58e40f2881daf_ab963ffc77edbf589017@MacBook-Pro-3.local.mail>
Subject: Reset your purplemintcatering.com password
Mime-Version: 1.0
Content-Type: multipart/alternative;
 boundary="--==_mimepart_58e40f287c6e3_ab963ffc77edbf588936";
 charset=UTF-8
Content-Transfer-Encoding: 7bit


----==_mimepart_58e40f287c6e3_ab963ffc77edbf588936
Content-Type: text/plain;
 charset=UTF-8
Content-Transfer-Encoding: 7bit

Hello, Yuri
===============================================

You have requested to reset your password.

To choose a new password, just follow this link: http://localhost:3000/password_resets/m1fnXDPoNPeKy5MSzE5F/edit.

Have a great day!


----==_mimepart_58e40f287c6e3_ab963ffc77edbf588936
Content-Type: text/html;
 charset=UTF-8
Content-Transfer-Encoding: 7bit

<!DOCTYPE html>
<html>
  <head>
    <meta http-equiv="Content-Type" content="text/html; charset=utf-8" />
    <style>
      /* Email styles need to be inline */
    </style>
  </head>

  <body>
    <!DOCTYPE html>
<html>
  <head>
    <meta content='text/html; charset=UTF-8' http-equiv='Content-Type' />
  </head>
  <body>
    <h1>Hello Yuri</h1>
    <p>
      You have requested to reset your password.</p>
    <p>
      To choose a new password, just follow this link: http://localhost:3000/password_resets/m1fnXDPoNPeKy5MSzE5F/edit.
    </p>
    <p>Have a great day!</p>
  </body>
</html>

  </body>
</html>

----==_mimepart_58e40f287c6e3_ab963ffc77edbf588936--

Redirected to http://localhost:3000/
Completed 302 Found in 4586ms (ActiveRecord: 172.5ms)


Started GET "/" for ::1 at 2017-04-04 17:24:59 -0400
Processing by EventsController#home as HTML
  Rendering events/home.html.erb within layouts/application
  [1m[36mImage Load (1.0ms)[0m  [1m[34mSELECT "images".* FROM "images"[0m
  Rendered events/home.html.erb within layouts/application (7.1ms)
Completed 200 OK in 207ms (Views: 192.1ms | ActiveRecord: 4.2ms)


Started GET "/" for ::1 at 2017-04-04 17:43:44 -0400
  [1m[36mActiveRecord::SchemaMigration Load (1.0ms)[0m  [1m[34mSELECT "schema_migrations".* FROM "schema_migrations"[0m
Processing by EventsController#home as HTML
  Rendering events/home.html.erb within layouts/application
  [1m[36mImage Load (1.0ms)[0m  [1m[34mSELECT "images".* FROM "images"[0m
  Rendered events/home.html.erb within layouts/application (51.2ms)
Completed 200 OK in 1539ms (Views: 1450.0ms | ActiveRecord: 4.1ms)


Started GET "/sessions/new" for ::1 at 2017-04-04 17:43:50 -0400
Processing by SessionsController#new as HTML
  Rendering sessions/new.html.erb within layouts/application
  Rendered sessions/new.html.erb within layouts/application (3.2ms)
Completed 200 OK in 244ms (Views: 199.1ms | ActiveRecord: 0.0ms)


Started GET "/password_resets/new" for ::1 at 2017-04-04 17:43:53 -0400
Processing by PasswordResetsController#new as HTML
  Rendering password_resets/new.html.erb within layouts/application
  Rendered password_resets/new.html.erb within layouts/application (1.6ms)
Completed 200 OK in 108ms (Views: 104.7ms | ActiveRecord: 0.0ms)


Started POST "/password_resets" for ::1 at 2017-04-04 17:43:57 -0400
Processing by PasswordResetsController#create as HTML
  Parameters: {"utf8"=>"✓", "authenticity_token"=>"CYUrK6FBXArQfTXFhDxg28C7lKAXG8bFa+xY6Oyw1tlh4ZAkmKuJV74R8kjjJe+NsEvA6zedj5bvwlH/uzfoew==", "email"=>"yuri.manahan@gmail.com", "commit"=>"Reset my password!"}
  [1m[36mUser Load (1.2ms)[0m  [1m[34mSELECT  "users".* FROM "users" WHERE "users"."email" = $1 LIMIT $2[0m  [["email", "yuri.manahan@gmail.com"], ["LIMIT", 1]]
  [1m[35mSQL (128.9ms)[0m  [1m[33mUPDATE "users" SET "reset_password_token" = 'NuS84n3R1tXqn26setMZ', "reset_password_email_sent_at" = '2017-04-04 21:43:58.308008' WHERE "users"."id" = $1[0m  [["id", 1]]
  [1m[36mUser Load (0.5ms)[0m  [1m[34mSELECT  "users".* FROM "users" WHERE "users"."id" = $1 LIMIT $2[0m  [["id", 1], ["LIMIT", 1]]
  Rendering user_mailer/reset_password_email.html.erb within layouts/mailer
  Rendered user_mailer/reset_password_email.html.erb within layouts/mailer (0.8ms)
  Rendering user_mailer/reset_password_email.text.erb within layouts/mailer
  Rendered user_mailer/reset_password_email.text.erb within layouts/mailer (0.7ms)
UserMailer#reset_password_email: processed outbound mail in 532.8ms
Sent mail to yuri.manahan@gmail.com (2248.9ms)
Date: Tue, 04 Apr 2017 17:43:59 -0400
From: bitmakersandbox@gmail.com
To: yuri.manahan@gmail.com
Message-ID: <58e4139f36e7_ac9a3fc1a99e7d5c66811@MacBook-Pro-3.local.mail>
Subject: Reset your purplemintcatering.com password
Mime-Version: 1.0
Content-Type: multipart/alternative;
 boundary="--==_mimepart_58e4139ef2836_ac9a3fc1a99e7d5c667d3";
 charset=UTF-8
Content-Transfer-Encoding: 7bit


----==_mimepart_58e4139ef2836_ac9a3fc1a99e7d5c667d3
Content-Type: text/plain;
 charset=UTF-8
Content-Transfer-Encoding: 7bit

Hello, Yuri
===============================================

You have requested to reset your password.

To choose a new password, just follow this link: http://localhost:3000/password_resets/NuS84n3R1tXqn26setMZ/edit.

Have a great day!


----==_mimepart_58e4139ef2836_ac9a3fc1a99e7d5c667d3
Content-Type: text/html;
 charset=UTF-8
Content-Transfer-Encoding: 7bit

<!DOCTYPE html>
<html>
  <head>
    <meta http-equiv="Content-Type" content="text/html; charset=utf-8" />
    <style>
      /* Email styles need to be inline */
    </style>
  </head>

  <body>
    <!DOCTYPE html>
<html>
  <head>
    <meta content='text/html; charset=UTF-8' http-equiv='Content-Type' />
  </head>
  <body>
    <h1>Hello Yuri</h1>
    <p>
      You have requested to reset your password.</p>
    <p>
      To choose a new password, just follow this link: http://localhost:3000/password_resets/NuS84n3R1tXqn26setMZ/edit.
    </p>
    <p>Have a great day!</p>
  </body>
</html>

  </body>
</html>

----==_mimepart_58e4139ef2836_ac9a3fc1a99e7d5c667d3--

Redirected to http://localhost:3000/
Completed 302 Found in 3515ms (ActiveRecord: 143.7ms)


Started GET "/" for ::1 at 2017-04-04 17:44:01 -0400
Processing by EventsController#home as HTML
  Rendering events/home.html.erb within layouts/application
  [1m[36mImage Load (0.6ms)[0m  [1m[34mSELECT "images".* FROM "images"[0m
  Rendered events/home.html.erb within layouts/application (2.7ms)
Completed 200 OK in 160ms (Views: 146.5ms | ActiveRecord: 0.6ms)


Started GET "/password_resets/NuS84n3R1tXqn26setMZ/edit" for ::1 at 2017-04-04 17:44:15 -0400
Processing by PasswordResetsController#edit as HTML
  Parameters: {"id"=>"NuS84n3R1tXqn26setMZ"}
  [1m[36mUser Load (13.7ms)[0m  [1m[34mSELECT  "users".* FROM "users" WHERE "users"."reset_password_token" = 'NuS84n3R1tXqn26setMZ' ORDER BY "users"."id" ASC LIMIT $1[0m  [["LIMIT", 1]]
  Rendering password_resets/edit.html.erb within layouts/application
  Rendered password_resets/edit.html.erb within layouts/application (1392.3ms)
Completed 200 OK in 1790ms (Views: 1758.2ms | ActiveRecord: 13.7ms)


Started GET "/contact_forms/new" for ::1 at 2017-04-04 18:01:03 -0400
  [1m[36mActiveRecord::SchemaMigration Load (1.0ms)[0m  [1m[34mSELECT "schema_migrations".* FROM "schema_migrations"[0m
Processing by ContactFormsController#new as HTML
  Rendering contact_forms/new.html.erb within layouts/application
  Rendered contact_forms/new.html.erb within layouts/application (33.5ms)
Completed 200 OK in 995ms (Views: 906.7ms | ActiveRecord: 0.0ms)


Started POST "/contact_forms" for ::1 at 2017-04-04 18:01:13 -0400
Processing by ContactFormsController#create as HTML
  Parameters: {"utf8"=>"✓", "authenticity_token"=>"d0160+5dRGUNjZ8N+Cvb0FcDP75yL2wo2DUq12zt9EgfKcHc17eROGPhWICfMlSGJ/Nr9VKpJXtcGyPAO2rK6g==", "first_name"=>"Yuri", "last_name"=>"Manahan", "phone"=>"6476362085", "email"=>"yuri.manahan@gmail.com", "message"=>"ertretet", "commit"=>"Send!"}
Unpermitted parameters: utf8, authenticity_token, commit
  Rendering /Users/macbook/.rbenv/versions/2.3.1/lib/ruby/gems/2.3.0/gems/mail_form-1.6.0/lib/mail_form/views/mail_form/contact.erb
  Rendered /Users/macbook/.rbenv/versions/2.3.1/lib/ruby/gems/2.3.0/gems/mail_form-1.6.0/lib/mail_form/views/mail_form/contact.erb (1071.0ms)
MailForm::Notifier#contact: processed outbound mail in 1569.3ms
Sent mail to bitmakersandbox@gmail.com (2168.6ms)
Date: Tue, 04 Apr 2017 18:01:16 -0400
From: Yuri <yuri.manahan@gmail.com>
To: bitmakersandbox@gmail.com
Message-ID: <58e417ac227b5_ad753fc4c10188c45884d@MacBook-Pro-3.local.mail>
Subject: Purple Mint Website Contact Form
Mime-Version: 1.0
Content-Type: text/html;
 charset=UTF-8
Content-Transfer-Encoding: 7bit

<h4 style="text-decoration:underline">Purple Mint Website Contact Form</h4>


  <p><b>First name:</b>
  Yuri</p>

  <p><b>Last name:</b>
  Manahan</p>

  <p><b>Phone:</b>
  6476362085</p>

  <p><b>Email:</b>
  yuri.manahan@gmail.com</p>

  <p><b>Message:</b>
  ertretet</p>


Redirected to http://localhost:3000/
Completed 302 Found in 4302ms (ActiveRecord: 0.0ms)


Started GET "/" for ::1 at 2017-04-04 18:01:18 -0400
Processing by EventsController#home as HTML
  Rendering events/home.html.erb within layouts/application
  [1m[36mImage Load (1.1ms)[0m  [1m[34mSELECT "images".* FROM "images"[0m
  Rendered events/home.html.erb within layouts/application (7.7ms)
Completed 200 OK in 247ms (Views: 184.0ms | ActiveRecord: 4.2ms)


Started GET "/" for ::1 at 2017-04-04 18:15:47 -0400
  [1m[36mActiveRecord::SchemaMigration Load (3.9ms)[0m  [1m[34mSELECT "schema_migrations".* FROM "schema_migrations"[0m
Processing by EventsController#home as HTML
  Rendering events/home.html.erb within layouts/application
  [1m[36mImage Load (1.3ms)[0m  [1m[34mSELECT "images".* FROM "images"[0m
  Rendered events/home.html.erb within layouts/application (21.0ms)
Completed 200 OK in 1351ms (Views: 1238.0ms | ActiveRecord: 7.5ms)


Started GET "/sessions/new" for ::1 at 2017-04-04 18:15:55 -0400
Processing by SessionsController#new as HTML
  Rendering sessions/new.html.erb within layouts/application
  Rendered sessions/new.html.erb within layouts/application (11.5ms)
Completed 200 OK in 400ms (Views: 351.7ms | ActiveRecord: 0.0ms)


Started POST "/sessions" for ::1 at 2017-04-04 18:16:01 -0400
Processing by SessionsController#create as HTML
  Parameters: {"utf8"=>"✓", "authenticity_token"=>"kLr9HqDjd+aHvwM8mg/LDR2Q22DaN3g4tUvyXoaP2o/43kYRmQmiu+nTxLH9FkRbbWCPK/qxMWsxZftJ0QjkLQ==", "email"=>"yuri.manahan@gmail.com", "password"=>"[FILTERED]", "commit"=>"Log In"}
  [1m[36mUser Load (3.5ms)[0m  [1m[34mSELECT  "users".* FROM "users" WHERE "users"."email" = 'yuri.manahan@gmail.com' ORDER BY "users"."id" ASC LIMIT $1[0m  [["LIMIT", 1]]
Redirected to http://localhost:3000/
Completed 302 Found in 836ms (ActiveRecord: 22.7ms)


Started GET "/" for ::1 at 2017-04-04 18:16:01 -0400
Processing by EventsController#home as HTML
  Rendering events/home.html.erb within layouts/application
  [1m[36mImage Load (0.5ms)[0m  [1m[34mSELECT "images".* FROM "images"[0m
  Rendered events/home.html.erb within layouts/application (2.2ms)
  [1m[36mUser Load (0.5ms)[0m  [1m[34mSELECT  "users".* FROM "users" WHERE "users"."id" = $1 LIMIT $2[0m  [["id", 1], ["LIMIT", 1]]
Completed 200 OK in 146ms (Views: 140.9ms | ActiveRecord: 1.4ms)


Started GET "/menus/new" for ::1 at 2017-04-04 18:16:03 -0400
Processing by MenusController#new as HTML
  Rendering menus/new.html.erb within layouts/application
  [1m[36mUser Load (0.6ms)[0m  [1m[34mSELECT  "users".* FROM "users" WHERE "users"."id" = $1 LIMIT $2[0m  [["id", 1], ["LIMIT", 1]]
  Rendered menus/_entree_fields.html.erb (2.5ms)
  Rendered menus/_dessert_fields.html.erb (2.8ms)
  Rendered menus/_beverage_fields.html.erb (4.2ms)
  Rendered menus/_form.html.erb (1575.7ms)
  Rendered menus/new.html.erb within layouts/application (1581.7ms)
Completed 200 OK in 1840ms (Views: 1708.0ms | ActiveRecord: 38.3ms)


Started POST "/menus" for ::1 at 2017-04-04 18:16:19 -0400
Processing by MenusController#create as HTML
  Parameters: {"utf8"=>"✓", "authenticity_token"=>"SAPGiKFBNjfBbGRzREiu8aB+ugZ2nuVWgw9wgbL5SMMgZ32HmKvjaq8Ao/4jUSGn0I7uTVYYrAUHIXmW5X52YQ==", "menu"=>{"name"=>"wqeq", "description"=>"qweqw", "entrees_attributes"=>{"1491344168727"=>{"name"=>"qweqweq", "_destroy"=>"false"}, "1491344170900"=>{"name"=>"qweqeq", "_destroy"=>"false"}}, "desserts_attributes"=>{"1491344174096"=>{"name"=>"qweqw", "_destroy"=>"false"}}, "beverages_attributes"=>{"1491344175782"=>{"name"=>"qweqwe", "_destroy"=>"false"}}, "price"=>"qweq"}, "commit"=>"Create Menu"}
  [1m[35m (212.8ms)[0m  [1m[35mBEGIN[0m
  [1m[35mSQL (117.0ms)[0m  [1m[32mINSERT INTO "menus" ("name", "description", "created_at", "updated_at", "price") VALUES ($1, $2, $3, $4, $5) RETURNING "id"[0m  [["name", "wqeq"], ["description", "qweqw"], ["created_at", 2017-04-04 22:16:19 UTC], ["updated_at", 2017-04-04 22:16:19 UTC], ["price", "qweq"]]
  [1m[35mSQL (25.6ms)[0m  [1m[32mINSERT INTO "entrees" ("name", "created_at", "updated_at") VALUES ($1, $2, $3) RETURNING "id"[0m  [["name", "qweqweq"], ["created_at", 2017-04-04 22:16:19 UTC], ["updated_at", 2017-04-04 22:16:19 UTC]]
  [1m[35mSQL (3.5ms)[0m  [1m[32mINSERT INTO "entrees_menus" ("menu_id", "entree_id") VALUES ($1, $2)[0m  [["menu_id", 1], ["entree_id", 1]]
  [1m[35mSQL (0.6ms)[0m  [1m[32mINSERT INTO "entrees" ("name", "created_at", "updated_at") VALUES ($1, $2, $3) RETURNING "id"[0m  [["name", "qweqeq"], ["created_at", 2017-04-04 22:16:20 UTC], ["updated_at", 2017-04-04 22:16:20 UTC]]
  [1m[35mSQL (1.9ms)[0m  [1m[32mINSERT INTO "entrees_menus" ("menu_id", "entree_id") VALUES ($1, $2)[0m  [["menu_id", 1], ["entree_id", 2]]
  [1m[35mSQL (3.5ms)[0m  [1m[32mINSERT INTO "beverages" ("name", "created_at", "updated_at") VALUES ($1, $2, $3) RETURNING "id"[0m  [["name", "qweqwe"], ["created_at", 2017-04-04 22:16:20 UTC], ["updated_at", 2017-04-04 22:16:20 UTC]]
  [1m[35mSQL (1.1ms)[0m  [1m[32mINSERT INTO "beverages_menus" ("menu_id", "beverage_id") VALUES ($1, $2)[0m  [["menu_id", 1], ["beverage_id", 1]]
  [1m[35mSQL (1.6ms)[0m  [1m[32mINSERT INTO "desserts" ("name", "created_at", "updated_at") VALUES ($1, $2, $3) RETURNING "id"[0m  [["name", "qweqw"], ["created_at", 2017-04-04 22:16:20 UTC], ["updated_at", 2017-04-04 22:16:20 UTC]]
  [1m[35mSQL (1.0ms)[0m  [1m[32mINSERT INTO "desserts_menus" ("menu_id", "dessert_id") VALUES ($1, $2)[0m  [["menu_id", 1], ["dessert_id", 1]]
  [1m[35m (20.3ms)[0m  [1m[35mCOMMIT[0m
Redirected to http://localhost:3000/menus/1
Completed 302 Found in 545ms (ActiveRecord: 444.8ms)


Started GET "/menus/1" for ::1 at 2017-04-04 18:16:20 -0400
Processing by MenusController#show as HTML
  Parameters: {"id"=>"1"}
  [1m[36mMenu Load (0.6ms)[0m  [1m[34mSELECT  "menus".* FROM "menus" WHERE "menus"."id" = $1 LIMIT $2[0m  [["id", 1], ["LIMIT", 1]]
  [1m[36mCACHE (0.0ms)[0m  [1m[34mSELECT  "menus".* FROM "menus" WHERE "menus"."id" = $1 LIMIT $2[0m  [["id", 1], ["LIMIT", 1]]
  Rendering menus/show.html.erb within layouts/application
  [1m[36mEntree Load (1.2ms)[0m  [1m[34mSELECT "entrees".* FROM "entrees" INNER JOIN "entrees_menus" ON "entrees"."id" = "entrees_menus"."entree_id" WHERE "entrees_menus"."menu_id" = $1[0m  [["menu_id", 1]]
  [1m[36mDessert Load (0.7ms)[0m  [1m[34mSELECT "desserts".* FROM "desserts" INNER JOIN "desserts_menus" ON "desserts"."id" = "desserts_menus"."dessert_id" WHERE "desserts_menus"."menu_id" = $1[0m  [["menu_id", 1]]
  [1m[36mBeverage Load (1.2ms)[0m  [1m[34mSELECT "beverages".* FROM "beverages" INNER JOIN "beverages_menus" ON "beverages"."id" = "beverages_menus"."beverage_id" WHERE "beverages_menus"."menu_id" = $1[0m  [["menu_id", 1]]
  Rendered menus/show.html.erb within layouts/application (93.2ms)
  [1m[36mUser Load (0.7ms)[0m  [1m[34mSELECT  "users".* FROM "users" WHERE "users"."id" = $1 LIMIT $2[0m  [["id", 1], ["LIMIT", 1]]
Completed 200 OK in 344ms (Views: 315.1ms | ActiveRecord: 4.4ms)


Started GET "/menus/1/edit" for ::1 at 2017-04-04 18:16:23 -0400
Processing by MenusController#edit as HTML
  Parameters: {"id"=>"1"}
  [1m[36mMenu Load (5.1ms)[0m  [1m[34mSELECT  "menus".* FROM "menus" WHERE "menus"."id" = $1 LIMIT $2[0m  [["id", 1], ["LIMIT", 1]]
  Rendering menus/edit.html.erb within layouts/application
  [1m[36mUser Load (4.0ms)[0m  [1m[34mSELECT  "users".* FROM "users" WHERE "users"."id" = $1 LIMIT $2[0m  [["id", 1], ["LIMIT", 1]]
  [1m[36mEntree Load (0.7ms)[0m  [1m[34mSELECT "entrees".* FROM "entrees" INNER JOIN "entrees_menus" ON "entrees"."id" = "entrees_menus"."entree_id" WHERE "entrees_menus"."menu_id" = $1[0m  [["menu_id", 1]]
  Rendered menus/_entree_fields.html.erb (2.4ms)
  Rendered menus/_entree_fields.html.erb (1.3ms)
  Rendered menus/_entree_fields.html.erb (4.3ms)
  [1m[36mDessert Load (0.7ms)[0m  [1m[34mSELECT "desserts".* FROM "desserts" INNER JOIN "desserts_menus" ON "desserts"."id" = "desserts_menus"."dessert_id" WHERE "desserts_menus"."menu_id" = $1[0m  [["menu_id", 1]]
  Rendered menus/_dessert_fields.html.erb (1.5ms)
  Rendered menus/_dessert_fields.html.erb (1.8ms)
  [1m[36mBeverage Load (1.0ms)[0m  [1m[34mSELECT "beverages".* FROM "beverages" INNER JOIN "beverages_menus" ON "beverages"."id" = "beverages_menus"."beverage_id" WHERE "beverages_menus"."menu_id" = $1[0m  [["menu_id", 1]]
  Rendered menus/_beverage_fields.html.erb (1.6ms)
  Rendered menus/_beverage_fields.html.erb (1.8ms)
  Rendered menus/_form.html.erb (110.4ms)
  Rendered menus/edit.html.erb within layouts/application (120.1ms)
Completed 200 OK in 275ms (Views: 256.8ms | ActiveRecord: 11.4ms)


Started GET "/" for ::1 at 2017-04-05 11:46:36 -0400
  [1m[36mActiveRecord::SchemaMigration Load (2.1ms)[0m  [1m[34mSELECT "schema_migrations".* FROM "schema_migrations"[0m
Processing by EventsController#home as HTML
  Rendering events/home.html.erb within layouts/application
  [1m[36mImage Load (5.4ms)[0m  [1m[34mSELECT "images".* FROM "images"[0m
  Rendered events/home.html.erb within layouts/application (39.4ms)
  [1m[36mUser Load (1.4ms)[0m  [1m[34mSELECT  "users".* FROM "users" WHERE "users"."id" = $1 LIMIT $2[0m  [["id", 1], ["LIMIT", 1]]
Completed 200 OK in 2233ms (Views: 2110.2ms | ActiveRecord: 48.4ms)


Started GET "/menus" for ::1 at 2017-04-05 11:46:44 -0400
Processing by MenusController#index as HTML
  Rendering menus/index.html.erb within layouts/application
  [1m[36mMenu Load (1.0ms)[0m  [1m[34mSELECT "menus".* FROM "menus"[0m
  [1m[36mEntree Load (17.4ms)[0m  [1m[34mSELECT "entrees".* FROM "entrees" INNER JOIN "entrees_menus" ON "entrees"."id" = "entrees_menus"."entree_id" WHERE "entrees_menus"."menu_id" = $1[0m  [["menu_id", 1]]
  [1m[36mDessert Load (1.0ms)[0m  [1m[34mSELECT "desserts".* FROM "desserts" INNER JOIN "desserts_menus" ON "desserts"."id" = "desserts_menus"."dessert_id" WHERE "desserts_menus"."menu_id" = $1[0m  [["menu_id", 1]]
  [1m[36mBeverage Load (1.8ms)[0m  [1m[34mSELECT "beverages".* FROM "beverages" INNER JOIN "beverages_menus" ON "beverages"."id" = "beverages_menus"."beverage_id" WHERE "beverages_menus"."menu_id" = $1[0m  [["menu_id", 1]]
  [1m[36mUser Load (0.6ms)[0m  [1m[34mSELECT  "users".* FROM "users" WHERE "users"."id" = $1 LIMIT $2[0m  [["id", 1], ["LIMIT", 1]]
  Rendered menus/index.html.erb within layouts/application (274.5ms)
Completed 200 OK in 455ms (Views: 315.9ms | ActiveRecord: 54.5ms)


Started GET "/menus/1/edit" for ::1 at 2017-04-05 11:46:47 -0400
Processing by MenusController#edit as HTML
  Parameters: {"id"=>"1"}
  [1m[36mMenu Load (29.9ms)[0m  [1m[34mSELECT  "menus".* FROM "menus" WHERE "menus"."id" = $1 LIMIT $2[0m  [["id", 1], ["LIMIT", 1]]
  Rendering menus/edit.html.erb within layouts/application
  [1m[36mUser Load (0.6ms)[0m  [1m[34mSELECT  "users".* FROM "users" WHERE "users"."id" = $1 LIMIT $2[0m  [["id", 1], ["LIMIT", 1]]
  [1m[36mEntree Load (0.7ms)[0m  [1m[34mSELECT "entrees".* FROM "entrees" INNER JOIN "entrees_menus" ON "entrees"."id" = "entrees_menus"."entree_id" WHERE "entrees_menus"."menu_id" = $1[0m  [["menu_id", 1]]
  Rendered menus/_entree_fields.html.erb (6.1ms)
  Rendered menus/_entree_fields.html.erb (1.0ms)
  Rendered menus/_entree_fields.html.erb (1.5ms)
  [1m[36mDessert Load (0.7ms)[0m  [1m[34mSELECT "desserts".* FROM "desserts" INNER JOIN "desserts_menus" ON "desserts"."id" = "desserts_menus"."dessert_id" WHERE "desserts_menus"."menu_id" = $1[0m  [["menu_id", 1]]
  Rendered menus/_dessert_fields.html.erb (2.3ms)
  Rendered menus/_dessert_fields.html.erb (1.7ms)
  [1m[36mBeverage Load (1.5ms)[0m  [1m[34mSELECT "beverages".* FROM "beverages" INNER JOIN "beverages_menus" ON "beverages"."id" = "beverages_menus"."beverage_id" WHERE "beverages_menus"."menu_id" = $1[0m  [["menu_id", 1]]
  Rendered menus/_beverage_fields.html.erb (2.4ms)
  Rendered menus/_beverage_fields.html.erb (1.6ms)
  Rendered menus/_form.html.erb (1441.7ms)
  Rendered menus/edit.html.erb within layouts/application (1449.0ms)
Completed 200 OK in 1658ms (Views: 1612.3ms | ActiveRecord: 33.4ms)


Started GET "/menus/1/edit" for ::1 at 2017-04-05 11:47:49 -0400
Processing by MenusController#edit as HTML
  Parameters: {"id"=>"1"}
  [1m[36mMenu Load (0.5ms)[0m  [1m[34mSELECT  "menus".* FROM "menus" WHERE "menus"."id" = $1 LIMIT $2[0m  [["id", 1], ["LIMIT", 1]]
  Rendering menus/edit.html.erb within layouts/application
  [1m[36mUser Load (0.6ms)[0m  [1m[34mSELECT  "users".* FROM "users" WHERE "users"."id" = $1 LIMIT $2[0m  [["id", 1], ["LIMIT", 1]]
  [1m[36mEntree Load (0.8ms)[0m  [1m[34mSELECT "entrees".* FROM "entrees" INNER JOIN "entrees_menus" ON "entrees"."id" = "entrees_menus"."entree_id" WHERE "entrees_menus"."menu_id" = $1[0m  [["menu_id", 1]]
  Rendered menus/_entree_fields.html.erb (2.7ms)
  Rendered menus/_entree_fields.html.erb (1.0ms)
  Rendered menus/_entree_fields.html.erb (1.7ms)
  [1m[36mDessert Load (0.7ms)[0m  [1m[34mSELECT "desserts".* FROM "desserts" INNER JOIN "desserts_menus" ON "desserts"."id" = "desserts_menus"."dessert_id" WHERE "desserts_menus"."menu_id" = $1[0m  [["menu_id", 1]]
  Rendered menus/_dessert_fields.html.erb (2.3ms)
  Rendered menus/_dessert_fields.html.erb (1.5ms)
  [1m[36mBeverage Load (1.1ms)[0m  [1m[34mSELECT "beverages".* FROM "beverages" INNER JOIN "beverages_menus" ON "beverages"."id" = "beverages_menus"."beverage_id" WHERE "beverages_menus"."menu_id" = $1[0m  [["menu_id", 1]]
  Rendered menus/_beverage_fields.html.erb (1.8ms)
  Rendered menus/_beverage_fields.html.erb (1.5ms)
  Rendered menus/_form.html.erb (56.1ms)
  Rendered menus/edit.html.erb within layouts/application (67.7ms)
Completed 200 OK in 310ms (Views: 302.2ms | ActiveRecord: 3.6ms)


Started GET "/" for ::1 at 2017-04-05 11:57:13 -0400
  [1m[36mActiveRecord::SchemaMigration Load (1.3ms)[0m  [1m[34mSELECT "schema_migrations".* FROM "schema_migrations"[0m
Processing by EventsController#home as HTML
  Rendering events/home.html.erb within layouts/application
  [1m[36mImage Load (2.1ms)[0m  [1m[34mSELECT "images".* FROM "images"[0m
  Rendered events/home.html.erb within layouts/application (46.1ms)
  [1m[36mUser Load (1.1ms)[0m  [1m[34mSELECT  "users".* FROM "users" WHERE "users"."id" = $1 LIMIT $2[0m  [["id", 1], ["LIMIT", 1]]
Completed 200 OK in 2283ms (Views: 2107.5ms | ActiveRecord: 21.9ms)


Started GET "/" for ::1 at 2017-04-05 11:57:18 -0400
Processing by EventsController#home as HTML
  Rendering events/home.html.erb within layouts/application
  [1m[36mImage Load (5.2ms)[0m  [1m[34mSELECT "images".* FROM "images"[0m
  Rendered events/home.html.erb within layouts/application (6.9ms)
  [1m[36mUser Load (0.7ms)[0m  [1m[34mSELECT  "users".* FROM "users" WHERE "users"."id" = $1 LIMIT $2[0m  [["id", 1], ["LIMIT", 1]]
Completed 200 OK in 151ms (Views: 140.8ms | ActiveRecord: 5.9ms)


Started GET "/images/new" for ::1 at 2017-04-05 11:57:20 -0400
Processing by ImagesController#new as HTML
  Rendering images/new.html.erb within layouts/application
  Rendered images/_form.html.erb (2020.4ms)
  Rendered images/new.html.erb within layouts/application (2024.2ms)
  [1m[36mUser Load (0.7ms)[0m  [1m[34mSELECT  "users".* FROM "users" WHERE "users"."id" = $1 LIMIT $2[0m  [["id", 1], ["LIMIT", 1]]
Completed 200 OK in 2345ms (Views: 2305.2ms | ActiveRecord: 24.1ms)


Started POST "/images" for ::1 at 2017-04-05 11:57:39 -0400
Processing by ImagesController#create as HTML
  Parameters: {"utf8"=>"✓", "authenticity_token"=>"x+qffpF984aVwSOtP4j5lr8Lr0BwAaDlPNktpoa+6bGvjiRxqJcm2/ut5CBYkXbAz/v7C1CH6ba49ySx0TnXEw==", "image"=>{"name"=>"test", "image"=>"https://scontent-yyz1-1.xx.fbcdn.net/v/t1.0-9/945850_10151977650645031_1727654326_n.jpg?oh=a70e6aa4e637655c09ecdcdec106820d&oe=595F2479"}, "commit"=>"Create Image"}
  [1m[35m (0.3ms)[0m  [1m[35mBEGIN[0m
  [1m[35mSQL (51.6ms)[0m  [1m[32mINSERT INTO "images" ("name", "image", "created_at", "updated_at") VALUES ($1, $2, $3, $4) RETURNING "id"[0m  [["name", "test"], ["image", "https://scontent-yyz1-1.xx.fbcdn.net/v/t1.0-9/945850_10151977650645031_1727654326_n.jpg?oh=a70e6aa4e637655c09ecdcdec106820d&oe=595F2479"], ["created_at", 2017-04-05 15:57:39 UTC], ["updated_at", 2017-04-05 15:57:39 UTC]]
  [1m[35m (9.8ms)[0m  [1m[35mCOMMIT[0m
Redirected to http://localhost:3000/images/1
Completed 302 Found in 77ms (ActiveRecord: 61.6ms)


Started GET "/images/1" for ::1 at 2017-04-05 11:57:39 -0400
Processing by ImagesController#show as HTML
  Parameters: {"id"=>"1"}
  [1m[36mImage Load (0.5ms)[0m  [1m[34mSELECT  "images".* FROM "images" WHERE "images"."id" = $1 LIMIT $2[0m  [["id", 1], ["LIMIT", 1]]
  Rendering images/show.html.erb within layouts/application
  Rendered images/show.html.erb within layouts/application (1.5ms)
  [1m[36mUser Load (0.7ms)[0m  [1m[34mSELECT  "users".* FROM "users" WHERE "users"."id" = $1 LIMIT $2[0m  [["id", 1], ["LIMIT", 1]]
Completed 200 OK in 221ms (Views: 213.2ms | ActiveRecord: 1.2ms)


Started DELETE "/images/1" for ::1 at 2017-04-05 11:57:44 -0400
  
AbstractController::ActionNotFound (The action 'destroy' could not be found for ImagesController):
  
actionpack (5.0.2) lib/abstract_controller/base.rb:121:in `process'
actionview (5.0.2) lib/action_view/rendering.rb:30:in `process'
actionpack (5.0.2) lib/action_controller/metal.rb:190:in `dispatch'
actionpack (5.0.2) lib/action_controller/metal.rb:262:in `dispatch'
actionpack (5.0.2) lib/action_dispatch/routing/route_set.rb:50:in `dispatch'
actionpack (5.0.2) lib/action_dispatch/routing/route_set.rb:32:in `serve'
actionpack (5.0.2) lib/action_dispatch/journey/router.rb:39:in `block in serve'
actionpack (5.0.2) lib/action_dispatch/journey/router.rb:26:in `each'
actionpack (5.0.2) lib/action_dispatch/journey/router.rb:26:in `serve'
actionpack (5.0.2) lib/action_dispatch/routing/route_set.rb:725:in `call'
rack (2.0.1) lib/rack/etag.rb:25:in `call'
rack (2.0.1) lib/rack/conditional_get.rb:38:in `call'
rack (2.0.1) lib/rack/head.rb:12:in `call'
rack (2.0.1) lib/rack/session/abstract/id.rb:222:in `context'
rack (2.0.1) lib/rack/session/abstract/id.rb:216:in `call'
actionpack (5.0.2) lib/action_dispatch/middleware/cookies.rb:613:in `call'
activerecord (5.0.2) lib/active_record/migration.rb:553:in `call'
actionpack (5.0.2) lib/action_dispatch/middleware/callbacks.rb:38:in `block in call'
activesupport (5.0.2) lib/active_support/callbacks.rb:97:in `__run_callbacks__'
activesupport (5.0.2) lib/active_support/callbacks.rb:750:in `_run_call_callbacks'
activesupport (5.0.2) lib/active_support/callbacks.rb:90:in `run_callbacks'
actionpack (5.0.2) lib/action_dispatch/middleware/callbacks.rb:36:in `call'
actionpack (5.0.2) lib/action_dispatch/middleware/executor.rb:12:in `call'
actionpack (5.0.2) lib/action_dispatch/middleware/remote_ip.rb:79:in `call'
actionpack (5.0.2) lib/action_dispatch/middleware/debug_exceptions.rb:49:in `call'
web-console (3.4.0) lib/web_console/middleware.rb:135:in `call_app'
web-console (3.4.0) lib/web_console/middleware.rb:28:in `block in call'
web-console (3.4.0) lib/web_console/middleware.rb:18:in `catch'
web-console (3.4.0) lib/web_console/middleware.rb:18:in `call'
actionpack (5.0.2) lib/action_dispatch/middleware/show_exceptions.rb:31:in `call'
railties (5.0.2) lib/rails/rack/logger.rb:36:in `call_app'
railties (5.0.2) lib/rails/rack/logger.rb:24:in `block in call'
activesupport (5.0.2) lib/active_support/tagged_logging.rb:69:in `block in tagged'
activesupport (5.0.2) lib/active_support/tagged_logging.rb:26:in `tagged'
activesupport (5.0.2) lib/active_support/tagged_logging.rb:69:in `tagged'
railties (5.0.2) lib/rails/rack/logger.rb:24:in `call'
sprockets-rails (3.2.0) lib/sprockets/rails/quiet_assets.rb:13:in `call'
actionpack (5.0.2) lib/action_dispatch/middleware/request_id.rb:24:in `call'
rack (2.0.1) lib/rack/method_override.rb:22:in `call'
rack (2.0.1) lib/rack/runtime.rb:22:in `call'
activesupport (5.0.2) lib/active_support/cache/strategy/local_cache_middleware.rb:28:in `call'
actionpack (5.0.2) lib/action_dispatch/middleware/executor.rb:12:in `call'
actionpack (5.0.2) lib/action_dispatch/middleware/static.rb:136:in `call'
rack (2.0.1) lib/rack/sendfile.rb:111:in `call'
railties (5.0.2) lib/rails/engine.rb:522:in `call'
puma (3.8.2) lib/puma/configuration.rb:224:in `call'
puma (3.8.2) lib/puma/server.rb:600:in `handle_request'
puma (3.8.2) lib/puma/server.rb:435:in `process_client'
puma (3.8.2) lib/puma/server.rb:299:in `block in run'
puma (3.8.2) lib/puma/thread_pool.rb:120:in `block in spawn_thread'
  Rendering /Users/macbook/.rbenv/versions/2.3.1/lib/ruby/gems/2.3.0/gems/actionpack-5.0.2/lib/action_dispatch/middleware/templates/rescues/unknown_action.html.erb within rescues/layout
  Rendered /Users/macbook/.rbenv/versions/2.3.1/lib/ruby/gems/2.3.0/gems/actionpack-5.0.2/lib/action_dispatch/middleware/templates/rescues/unknown_action.html.erb within rescues/layout (1.3ms)
Started GET "/images/1" for ::1 at 2017-04-05 11:59:57 -0400
Processing by ImagesController#show as HTML
  Parameters: {"id"=>"1"}
  [1m[36mImage Load (0.7ms)[0m  [1m[34mSELECT  "images".* FROM "images" WHERE "images"."id" = $1 LIMIT $2[0m  [["id", 1], ["LIMIT", 1]]
  Rendering images/show.html.erb within layouts/application
  Rendered images/show.html.erb within layouts/application (9.5ms)
  [1m[36mUser Load (0.7ms)[0m  [1m[34mSELECT  "users".* FROM "users" WHERE "users"."id" = $1 LIMIT $2[0m  [["id", 1], ["LIMIT", 1]]
Completed 200 OK in 736ms (Views: 623.5ms | ActiveRecord: 24.5ms)


Started GET "/images/1" for ::1 at 2017-04-05 12:00:00 -0400
Processing by ImagesController#show as HTML
  Parameters: {"id"=>"1"}
  [1m[36mImage Load (0.9ms)[0m  [1m[34mSELECT  "images".* FROM "images" WHERE "images"."id" = $1 LIMIT $2[0m  [["id", 1], ["LIMIT", 1]]
  Rendering images/show.html.erb within layouts/application
  Rendered images/show.html.erb within layouts/application (4.9ms)
  [1m[36mUser Load (0.7ms)[0m  [1m[34mSELECT  "users".* FROM "users" WHERE "users"."id" = $1 LIMIT $2[0m  [["id", 1], ["LIMIT", 1]]
Completed 200 OK in 549ms (Views: 541.5ms | ActiveRecord: 1.6ms)


Started DELETE "/images/1" for ::1 at 2017-04-05 12:00:05 -0400
Processing by ImagesController#destroy as HTML
  Parameters: {"authenticity_token"=>"SY2wW6rlKulwtV3cF8XmTCb0aksj6Tq/4gdsUYzwzOUh6QtUkw//tB7ZmlFw3GkaVgQ+AANvc+xmKWVG23fyRw==", "id"=>"1"}
  [1m[36mImage Load (1.0ms)[0m  [1m[34mSELECT  "images".* FROM "images" WHERE "images"."id" = $1 LIMIT $2[0m  [["id", 1], ["LIMIT", 1]]
  [1m[35m (0.3ms)[0m  [1m[35mBEGIN[0m
  [1m[35mSQL (18.1ms)[0m  [1m[31mDELETE FROM "images" WHERE "images"."id" = $1[0m  [["id", 1]]
  [1m[35m (0.7ms)[0m  [1m[35mCOMMIT[0m
Redirected to http://localhost:3000/events
Completed 302 Found in 30ms (ActiveRecord: 20.0ms)


Started GET "/events" for ::1 at 2017-04-05 12:00:05 -0400
Processing by EventsController#index as HTML
  Rendering events/index.html.erb within layouts/application
  [1m[36mEvent Load (138.1ms)[0m  [1m[34mSELECT  "events".* FROM "events" ORDER BY date DESC LIMIT $1 OFFSET $2[0m  [["LIMIT", 10], ["OFFSET", 0]]
  [1m[36mUser Load (0.8ms)[0m  [1m[34mSELECT  "users".* FROM "users" WHERE "users"."id" = $1 LIMIT $2[0m  [["id", 1], ["LIMIT", 1]]
  [1m[35m (0.6ms)[0m  [1m[34mSELECT COUNT(*) FROM "events"[0m
  Rendered events/index.html.erb within layouts/application (198.0ms)
Completed 200 OK in 341ms (Views: 178.8ms | ActiveRecord: 150.8ms)


Started GET "/" for ::1 at 2017-04-05 12:00:09 -0400
Processing by EventsController#home as HTML
  Rendering events/home.html.erb within layouts/application
  [1m[36mImage Load (9.2ms)[0m  [1m[34mSELECT "images".* FROM "images"[0m
  Rendered events/home.html.erb within layouts/application (11.2ms)
  [1m[36mUser Load (0.6ms)[0m  [1m[34mSELECT  "users".* FROM "users" WHERE "users"."id" = $1 LIMIT $2[0m  [["id", 1], ["LIMIT", 1]]
Completed 200 OK in 167ms (Views: 128.8ms | ActiveRecord: 9.9ms)


  [1m[35m (0.2ms)[0m  [1m[34mSELECT pg_try_advisory_lock(2055268736204018265);[0m
  [1m[36mActiveRecord::SchemaMigration Load (0.6ms)[0m  [1m[34mSELECT "schema_migrations".* FROM "schema_migrations"[0m
Migrating to AddAttachmentColumnsToUsers (20170605210019)
  [1m[35m (0.3ms)[0m  [1m[34mSELECT pg_advisory_unlock(2055268736204018265)[0m
  [1m[36mActiveRecord::SchemaMigration Load (0.5ms)[0m  [1m[34mSELECT "schema_migrations".* FROM "schema_migrations"[0m
  [1m[35m (1.7ms)[0m  [1m[34mSELECT "ar_internal_metadata"."value" FROM "ar_internal_metadata" WHERE "ar_internal_metadata"."key" = $1[0m  [["key", :environment]]
  [1m[36mActiveRecord::SchemaMigration Load (0.3ms)[0m  [1m[34mSELECT "schema_migrations".* FROM "schema_migrations"[0m
  [1m[35m (0.2ms)[0m  [1m[34mSELECT "ar_internal_metadata"."value" FROM "ar_internal_metadata" WHERE "ar_internal_metadata"."key" = $1[0m  [["key", :environment]]
  [1m[36mActiveRecord::SchemaMigration Load (0.2ms)[0m  [1m[34mSELECT "schema_migrations".* FROM "schema_migrations"[0m
  [1m[35m (0.2ms)[0m  [1m[34mSELECT "ar_internal_metadata"."value" FROM "ar_internal_metadata" WHERE "ar_internal_metadata"."key" = $1[0m  [["key", :environment]]
  [1m[35m (6346.0ms)[0m  [1m[35mDROP DATABASE IF EXISTS "purplemint_development"[0m
  [1m[36mActiveRecord::SchemaMigration Load (0.5ms)[0m  [1m[34mSELECT "schema_migrations".* FROM "schema_migrations"[0m
  [1m[35m (0.4ms)[0m  [1m[34mSELECT "ar_internal_metadata"."value" FROM "ar_internal_metadata" WHERE "ar_internal_metadata"."key" = $1[0m  [["key", :environment]]
  [1m[36mActiveRecord::SchemaMigration Load (0.3ms)[0m  [1m[34mSELECT "schema_migrations".* FROM "schema_migrations"[0m
  [1m[35m (0.2ms)[0m  [1m[34mSELECT "ar_internal_metadata"."value" FROM "ar_internal_metadata" WHERE "ar_internal_metadata"."key" = $1[0m  [["key", :environment]]
  [1m[36mActiveRecord::SchemaMigration Load (0.2ms)[0m  [1m[34mSELECT "schema_migrations".* FROM "schema_migrations"[0m
  [1m[35m (0.3ms)[0m  [1m[34mSELECT "ar_internal_metadata"."value" FROM "ar_internal_metadata" WHERE "ar_internal_metadata"."key" = $1[0m  [["key", :environment]]
  [1m[35m (6400.7ms)[0m  [1m[35mDROP DATABASE IF EXISTS "purplemint_development"[0m
  [1m[36mActiveRecord::SchemaMigration Load (0.5ms)[0m  [1m[34mSELECT "schema_migrations".* FROM "schema_migrations"[0m
  [1m[35m (0.4ms)[0m  [1m[34mSELECT "ar_internal_metadata"."value" FROM "ar_internal_metadata" WHERE "ar_internal_metadata"."key" = $1[0m  [["key", :environment]]
  [1m[36mActiveRecord::SchemaMigration Load (0.2ms)[0m  [1m[34mSELECT "schema_migrations".* FROM "schema_migrations"[0m
  [1m[35m (0.2ms)[0m  [1m[34mSELECT "ar_internal_metadata"."value" FROM "ar_internal_metadata" WHERE "ar_internal_metadata"."key" = $1[0m  [["key", :environment]]
  [1m[36mActiveRecord::SchemaMigration Load (0.2ms)[0m  [1m[34mSELECT "schema_migrations".* FROM "schema_migrations"[0m
  [1m[35m (0.2ms)[0m  [1m[34mSELECT "ar_internal_metadata"."value" FROM "ar_internal_metadata" WHERE "ar_internal_metadata"."key" = $1[0m  [["key", :environment]]
  [1m[35m (136.4ms)[0m  [1m[35mDROP DATABASE IF EXISTS "purplemint_development"[0m
  [1m[35m (124.4ms)[0m  [1m[35mDROP DATABASE IF EXISTS "purplemint_test"[0m
  [1m[35m (0.1ms)[0m  [1m[35mDROP DATABASE IF EXISTS "purplemint_development"[0m
  [1m[35m (0.2ms)[0m  [1m[35mDROP DATABASE IF EXISTS "purplemint_test"[0m
  [1m[35m (383.4ms)[0m  [1m[35mCREATE DATABASE "purplemint_development" ENCODING = 'unicode'[0m
  [1m[35m (321.7ms)[0m  [1m[35mCREATE DATABASE "purplemint_test" ENCODING = 'unicode'[0m
  [1m[35m (9.8ms)[0m  [1m[35mCREATE TABLE "beverages" ("id" serial primary key, "name" character varying, "created_at" timestamp NOT NULL, "updated_at" timestamp NOT NULL)[0m
  [1m[35m (3.6ms)[0m  [1m[35mCREATE TABLE "beverages_menus" ("menu_id" integer NOT NULL, "beverage_id" integer NOT NULL)[0m
  [1m[35m (4.1ms)[0m  [1m[35mCREATE TABLE "desserts" ("id" serial primary key, "name" character varying, "created_at" timestamp NOT NULL, "updated_at" timestamp NOT NULL)[0m
  [1m[35m (1.3ms)[0m  [1m[35mCREATE TABLE "desserts_menus" ("menu_id" integer NOT NULL, "dessert_id" integer NOT NULL)[0m
  [1m[35m (4.4ms)[0m  [1m[35mCREATE TABLE "entrees" ("id" serial primary key, "name" character varying, "created_at" timestamp NOT NULL, "updated_at" timestamp NOT NULL)[0m
  [1m[35m (1.1ms)[0m  [1m[35mCREATE TABLE "entrees_menus" ("menu_id" integer NOT NULL, "entree_id" integer NOT NULL)[0m
  [1m[35m (8.0ms)[0m  [1m[35mCREATE TABLE "events" ("id" serial primary key, "name" character varying, "description" text, "date" timestamp, "image" character varying, "created_at" timestamp NOT NULL, "updated_at" timestamp NOT NULL)[0m
  [1m[35m (5.2ms)[0m  [1m[35mCREATE TABLE "images" ("id" serial primary key, "name" character varying, "image" character varying, "created_at" timestamp NOT NULL, "updated_at" timestamp NOT NULL)[0m
  [1m[35m (4.3ms)[0m  [1m[35mCREATE TABLE "menus" ("id" serial primary key, "name" character varying, "image" character varying, "description" text, "created_at" timestamp NOT NULL, "updated_at" timestamp NOT NULL, "price" character varying)[0m
  [1m[35m (5.1ms)[0m  [1m[35mCREATE TABLE "users" ("id" serial primary key, "first_name" character varying, "last_name" character varying, "email" character varying NOT NULL, "crypted_password" character varying, "salt" character varying, "created_at" timestamp NOT NULL, "updated_at" timestamp NOT NULL, "remember_me_token" character varying, "remember_me_token_expires_at" timestamp, "reset_password_token" character varying, "reset_password_token_expires_at" timestamp, "reset_password_email_sent_at" timestamp, "role" character varying DEFAULT 'basic' NOT NULL)[0m
  [1m[35m (1.7ms)[0m  [1m[35mCREATE UNIQUE INDEX  "index_users_on_email" ON "users"  ("email")[0m
  [1m[35m (1.6ms)[0m  [1m[35mCREATE  INDEX  "index_users_on_remember_me_token" ON "users"  ("remember_me_token")[0m
  [1m[35m (1.4ms)[0m  [1m[35mCREATE  INDEX  "index_users_on_reset_password_token" ON "users"  ("reset_password_token")[0m
  [1m[35m (3.6ms)[0m  [1m[35mCREATE TABLE "schema_migrations" ("version" character varying PRIMARY KEY)[0m
  [1m[35m (0.4ms)[0m  [1m[34mSELECT version FROM "schema_migrations"[0m
  [1m[35m (0.7ms)[0m  [1m[32mINSERT INTO "schema_migrations" (version) VALUES (20170401212731)[0m
  [1m[35m (1.9ms)[0m  [1m[32mINSERT INTO "schema_migrations" (version) VALUES
(20170322191130),
(20170322191131),
(20170322191132),
(20170323182704),
(20170326140725),
(20170326193604),
(20170329202833),
(20170329210816),
(20170329210844),
(20170329210854),
(20170329211317),
(20170329211506),
(20170329212029);

[0m
  [1m[35m (3.5ms)[0m  [1m[35mCREATE TABLE "ar_internal_metadata" ("key" character varying PRIMARY KEY, "value" character varying, "created_at" timestamp NOT NULL, "updated_at" timestamp NOT NULL)[0m
  [1m[36mActiveRecord::InternalMetadata Load (0.4ms)[0m  [1m[34mSELECT  "ar_internal_metadata".* FROM "ar_internal_metadata" WHERE "ar_internal_metadata"."key" = $1 LIMIT $2[0m  [["key", :environment], ["LIMIT", 1]]
  [1m[35m (0.1ms)[0m  [1m[35mBEGIN[0m
  [1m[35mSQL (0.5ms)[0m  [1m[32mINSERT INTO "ar_internal_metadata" ("key", "value", "created_at", "updated_at") VALUES ($1, $2, $3, $4) RETURNING "key"[0m  [["key", "environment"], ["value", "development"], ["created_at", 2017-06-05 21:03:13 UTC], ["updated_at", 2017-06-05 21:03:13 UTC]]
  [1m[35m (0.7ms)[0m  [1m[35mCOMMIT[0m
  [1m[36mActiveRecord::InternalMetadata Load (0.2ms)[0m  [1m[34mSELECT  "ar_internal_metadata".* FROM "ar_internal_metadata" WHERE "ar_internal_metadata"."key" = $1 LIMIT $2[0m  [["key", :environment], ["LIMIT", 1]]
  [1m[35m (0.1ms)[0m  [1m[35mBEGIN[0m
  [1m[35m (0.1ms)[0m  [1m[35mCOMMIT[0m
  [1m[35m (6.4ms)[0m  [1m[35mCREATE TABLE "beverages" ("id" serial primary key, "name" character varying, "created_at" timestamp NOT NULL, "updated_at" timestamp NOT NULL)[0m
  [1m[35m (1.2ms)[0m  [1m[35mCREATE TABLE "beverages_menus" ("menu_id" integer NOT NULL, "beverage_id" integer NOT NULL)[0m
  [1m[35m (4.2ms)[0m  [1m[35mCREATE TABLE "desserts" ("id" serial primary key, "name" character varying, "created_at" timestamp NOT NULL, "updated_at" timestamp NOT NULL)[0m
  [1m[35m (1.0ms)[0m  [1m[35mCREATE TABLE "desserts_menus" ("menu_id" integer NOT NULL, "dessert_id" integer NOT NULL)[0m
  [1m[35m (3.8ms)[0m  [1m[35mCREATE TABLE "entrees" ("id" serial primary key, "name" character varying, "created_at" timestamp NOT NULL, "updated_at" timestamp NOT NULL)[0m
  [1m[35m (1.1ms)[0m  [1m[35mCREATE TABLE "entrees_menus" ("menu_id" integer NOT NULL, "entree_id" integer NOT NULL)[0m
  [1m[35m (4.2ms)[0m  [1m[35mCREATE TABLE "events" ("id" serial primary key, "name" character varying, "description" text, "date" timestamp, "image" character varying, "created_at" timestamp NOT NULL, "updated_at" timestamp NOT NULL)[0m
  [1m[35m (6.6ms)[0m  [1m[35mCREATE TABLE "images" ("id" serial primary key, "name" character varying, "image" character varying, "created_at" timestamp NOT NULL, "updated_at" timestamp NOT NULL)[0m
  [1m[35m (4.0ms)[0m  [1m[35mCREATE TABLE "menus" ("id" serial primary key, "name" character varying, "image" character varying, "description" text, "created_at" timestamp NOT NULL, "updated_at" timestamp NOT NULL, "price" character varying)[0m
  [1m[35m (4.5ms)[0m  [1m[35mCREATE TABLE "users" ("id" serial primary key, "first_name" character varying, "last_name" character varying, "email" character varying NOT NULL, "crypted_password" character varying, "salt" character varying, "created_at" timestamp NOT NULL, "updated_at" timestamp NOT NULL, "remember_me_token" character varying, "remember_me_token_expires_at" timestamp, "reset_password_token" character varying, "reset_password_token_expires_at" timestamp, "reset_password_email_sent_at" timestamp, "role" character varying DEFAULT 'basic' NOT NULL)[0m
  [1m[35m (2.9ms)[0m  [1m[35mCREATE UNIQUE INDEX  "index_users_on_email" ON "users"  ("email")[0m
  [1m[35m (1.3ms)[0m  [1m[35mCREATE  INDEX  "index_users_on_remember_me_token" ON "users"  ("remember_me_token")[0m
  [1m[35m (1.2ms)[0m  [1m[35mCREATE  INDEX  "index_users_on_reset_password_token" ON "users"  ("reset_password_token")[0m
  [1m[35m (4.3ms)[0m  [1m[35mCREATE TABLE "schema_migrations" ("version" character varying PRIMARY KEY)[0m
  [1m[35m (0.7ms)[0m  [1m[34mSELECT version FROM "schema_migrations"[0m
  [1m[35m (1.0ms)[0m  [1m[32mINSERT INTO "schema_migrations" (version) VALUES (20170401212731)[0m
  [1m[35m (0.9ms)[0m  [1m[32mINSERT INTO "schema_migrations" (version) VALUES
(20170322191130),
(20170322191131),
(20170322191132),
(20170323182704),
(20170326140725),
(20170326193604),
(20170329202833),
(20170329210816),
(20170329210844),
(20170329210854),
(20170329211317),
(20170329211506),
(20170329212029);

[0m
  [1m[35m (3.2ms)[0m  [1m[35mCREATE TABLE "ar_internal_metadata" ("key" character varying PRIMARY KEY, "value" character varying, "created_at" timestamp NOT NULL, "updated_at" timestamp NOT NULL)[0m
  [1m[36mActiveRecord::InternalMetadata Load (0.4ms)[0m  [1m[34mSELECT  "ar_internal_metadata".* FROM "ar_internal_metadata" WHERE "ar_internal_metadata"."key" = $1 LIMIT $2[0m  [["key", :environment], ["LIMIT", 1]]
  [1m[35m (0.1ms)[0m  [1m[35mBEGIN[0m
  [1m[35mSQL (0.4ms)[0m  [1m[32mINSERT INTO "ar_internal_metadata" ("key", "value", "created_at", "updated_at") VALUES ($1, $2, $3, $4) RETURNING "key"[0m  [["key", "environment"], ["value", "development"], ["created_at", 2017-06-05 21:03:13 UTC], ["updated_at", 2017-06-05 21:03:13 UTC]]
  [1m[35m (0.3ms)[0m  [1m[35mCOMMIT[0m
  [1m[36mActiveRecord::InternalMetadata Load (0.2ms)[0m  [1m[34mSELECT  "ar_internal_metadata".* FROM "ar_internal_metadata" WHERE "ar_internal_metadata"."key" = $1 LIMIT $2[0m  [["key", :environment], ["LIMIT", 1]]
  [1m[35m (0.1ms)[0m  [1m[35mBEGIN[0m
  [1m[35m (0.1ms)[0m  [1m[35mCOMMIT[0m
  [1m[36mActiveRecord::SchemaMigration Load (0.4ms)[0m  [1m[34mSELECT "schema_migrations".* FROM "schema_migrations"[0m
  [1m[35m (0.3ms)[0m  [1m[34mSELECT pg_try_advisory_lock(2055268736204018265);[0m
  [1m[36mActiveRecord::SchemaMigration Load (0.5ms)[0m  [1m[34mSELECT "schema_migrations".* FROM "schema_migrations"[0m
Migrating to AddAttachmentColumnsToUsers (20170605210019)
  [1m[35m (0.4ms)[0m  [1m[34mSELECT pg_advisory_unlock(2055268736204018265)[0m
  [1m[35m (0.2ms)[0m  [1m[34mSELECT pg_try_advisory_lock(2055268736204018265);[0m
  [1m[36mActiveRecord::SchemaMigration Load (0.5ms)[0m  [1m[34mSELECT "schema_migrations".* FROM "schema_migrations"[0m
Migrating to AddAttachmentColumnsToImages (20170605210019)
  [1m[35m (0.1ms)[0m  [1m[35mBEGIN[0m
  [1m[35m (0.7ms)[0m  [1m[35mALTER TABLE "images" ADD "avatar_file_name" character varying[0m
  [1m[35m (0.3ms)[0m  [1m[35mALTER TABLE "images" ADD "avatar_content_type" character varying[0m
  [1m[35m (0.2ms)[0m  [1m[35mALTER TABLE "images" ADD "avatar_file_size" integer[0m
  [1m[35m (0.3ms)[0m  [1m[35mALTER TABLE "images" ADD "avatar_updated_at" timestamp[0m
  [1m[35mSQL (0.4ms)[0m  [1m[32mINSERT INTO "schema_migrations" ("version") VALUES ($1) RETURNING "version"[0m  [["version", "20170605210019"]]
  [1m[35m (0.6ms)[0m  [1m[35mCOMMIT[0m
  [1m[36mActiveRecord::InternalMetadata Load (0.4ms)[0m  [1m[34mSELECT  "ar_internal_metadata".* FROM "ar_internal_metadata" WHERE "ar_internal_metadata"."key" = $1 LIMIT $2[0m  [["key", :environment], ["LIMIT", 1]]
  [1m[35m (0.1ms)[0m  [1m[35mBEGIN[0m
  [1m[35m (0.1ms)[0m  [1m[35mCOMMIT[0m
  [1m[35m (0.3ms)[0m  [1m[34mSELECT pg_advisory_unlock(2055268736204018265)[0m
  [1m[36mActiveRecord::SchemaMigration Load (0.2ms)[0m  [1m[34mSELECT "schema_migrations".* FROM "schema_migrations"[0m
  [1m[36mActiveRecord::SchemaMigration Load (0.5ms)[0m  [1m[34mSELECT "schema_migrations".* FROM "schema_migrations"[0m
  [1m[35m (0.2ms)[0m  [1m[35mBEGIN[0m
  [1m[35mSQL (4.9ms)[0m  [1m[32mINSERT INTO "users" ("first_name", "last_name", "email", "crypted_password", "salt", "created_at", "updated_at", "role") VALUES ($1, $2, $3, $4, $5, $6, $7, $8) RETURNING "id"[0m  [["first_name", "Yuri"], ["last_name", "Manahan"], ["email", "yuri.manahan@gmail.com"], ["crypted_password", "$2a$10$4Up35mifXh6YBws4TUhMi.nfivQ7eH4/KPBqaEBNiegazV6H16ujq"], ["salt", "Sj_Z5ctXbtkJo1muWzuZ"], ["created_at", 2017-06-05 21:06:33 UTC], ["updated_at", 2017-06-05 21:06:33 UTC], ["role", "admin"]]
  [1m[35m (0.7ms)[0m  [1m[35mCOMMIT[0m
Started GET "/images/1" for ::1 at 2017-06-05 17:08:08 -0400
  [1m[36mActiveRecord::SchemaMigration Load (0.7ms)[0m  [1m[34mSELECT "schema_migrations".* FROM "schema_migrations"[0m
Processing by ImagesController#show as HTML
  Parameters: {"id"=>"1"}
  [1m[36mImage Load (2.4ms)[0m  [1m[34mSELECT  "images".* FROM "images" WHERE "images"."id" = $1 LIMIT $2[0m  [["id", 1], ["LIMIT", 1]]
Completed 404 Not Found in 37ms (ActiveRecord: 8.9ms)


  
ActiveRecord::RecordNotFound (Couldn't find Image with 'id'=1):
  
app/controllers/images_controller.rb:19:in `show'
  Rendering /Users/yuri/.rbenv/versions/2.4.1/lib/ruby/gems/2.4.0/gems/actionpack-5.0.2/lib/action_dispatch/middleware/templates/rescues/diagnostics.html.erb within rescues/layout
  Rendering /Users/yuri/.rbenv/versions/2.4.1/lib/ruby/gems/2.4.0/gems/actionpack-5.0.2/lib/action_dispatch/middleware/templates/rescues/_source.html.erb
  Rendered /Users/yuri/.rbenv/versions/2.4.1/lib/ruby/gems/2.4.0/gems/actionpack-5.0.2/lib/action_dispatch/middleware/templates/rescues/_source.html.erb (3.1ms)
  Rendering /Users/yuri/.rbenv/versions/2.4.1/lib/ruby/gems/2.4.0/gems/actionpack-5.0.2/lib/action_dispatch/middleware/templates/rescues/_trace.html.erb
  Rendered /Users/yuri/.rbenv/versions/2.4.1/lib/ruby/gems/2.4.0/gems/actionpack-5.0.2/lib/action_dispatch/middleware/templates/rescues/_trace.html.erb (1.8ms)
  Rendering /Users/yuri/.rbenv/versions/2.4.1/lib/ruby/gems/2.4.0/gems/actionpack-5.0.2/lib/action_dispatch/middleware/templates/rescues/_request_and_response.html.erb
  Rendered /Users/yuri/.rbenv/versions/2.4.1/lib/ruby/gems/2.4.0/gems/actionpack-5.0.2/lib/action_dispatch/middleware/templates/rescues/_request_and_response.html.erb (2.6ms)
  Rendered /Users/yuri/.rbenv/versions/2.4.1/lib/ruby/gems/2.4.0/gems/actionpack-5.0.2/lib/action_dispatch/middleware/templates/rescues/diagnostics.html.erb within rescues/layout (107.0ms)
Started GET "/" for ::1 at 2017-06-05 17:08:16 -0400
Processing by EventsController#home as HTML
  Rendering events/home.html.erb within layouts/application
  [1m[36mImage Load (0.3ms)[0m  [1m[34mSELECT "images".* FROM "images"[0m
  Rendered events/home.html.erb within layouts/application (1.5ms)
  [1m[36mUser Load (0.7ms)[0m  [1m[34mSELECT  "users".* FROM "users" WHERE "users"."id" = $1 LIMIT $2[0m  [["id", 1], ["LIMIT", 1]]
Completed 200 OK in 2921ms (Views: 2909.5ms | ActiveRecord: 5.1ms)


Started GET "/images/new" for ::1 at 2017-06-05 17:08:23 -0400
Processing by ImagesController#new as HTML
  Rendering images/new.html.erb within layouts/application
  Rendered images/_form.html.erb (396.7ms)
  Rendered images/new.html.erb within layouts/application (399.5ms)
  [1m[36mUser Load (0.6ms)[0m  [1m[34mSELECT  "users".* FROM "users" WHERE "users"."id" = $1 LIMIT $2[0m  [["id", 1], ["LIMIT", 1]]
Completed 200 OK in 456ms (Views: 444.5ms | ActiveRecord: 0.6ms)


Started POST "/images" for ::1 at 2017-06-05 17:08:35 -0400
Processing by ImagesController#create as HTML
  Parameters: {"utf8"=>"✓", "authenticity_token"=>"y7iThjDSn/5pgV7Vx/7bie51dIRblTqKS8mLK7VfOMtyRoq2+CDH26kBcNnaPA7QbYKp1/qgTWBlLj+x2GrbjA==", "image"=>{"name"=>"MVC", "image"=>"", "avatar"=>#<ActionDispatch::Http::UploadedFile:0x007ffefc0d88a8 @tempfile=#<Tempfile:/var/folders/5n/6f5bmpfn4c921x048nyt561w0000gn/T/RackMultipart20170605-50721-1dc0thd.png>, @original_filename="mvc1.png", @content_type="image/png", @headers="Content-Disposition: form-data; name=\"image[avatar]\"; filename=\"mvc1.png\"\r\nContent-Type: image/png\r\n">}, "commit"=>"Create Image"}
Unpermitted parameter: avatar
  [1m[35m (0.2ms)[0m  [1m[35mBEGIN[0m
  [1m[35m (0.2ms)[0m  [1m[31mROLLBACK[0m
  Rendering images/new.html.erb within layouts/application
  Rendered images/_form.html.erb (1.7ms)
  Rendered images/new.html.erb within layouts/application (3.2ms)
  [1m[36mUser Load (1.7ms)[0m  [1m[34mSELECT  "users".* FROM "users" WHERE "users"."id" = $1 LIMIT $2[0m  [["id", 1], ["LIMIT", 1]]
Completed 200 OK in 67ms (Views: 59.9ms | ActiveRecord: 2.1ms)


Started POST "/images" for ::1 at 2017-06-05 17:09:30 -0400
Processing by ImagesController#create as HTML
  Parameters: {"utf8"=>"✓", "authenticity_token"=>"ocG9ZD5sdCpE4/+DQJPx76Ms9MEhZm5LKD5wjbHya2MYP6RU9p4sD4Rj0Y9dUSS2INspkoBTGaEG2cQX3MeIJA==", "image"=>{"name"=>"MVC", "image"=>"", "avatar"=>#<ActionDispatch::Http::UploadedFile:0x007ffefce1d3b0 @tempfile=#<Tempfile:/var/folders/5n/6f5bmpfn4c921x048nyt561w0000gn/T/RackMultipart20170605-50721-1ivb5yc.png>, @original_filename="mvc1.png", @content_type="image/png", @headers="Content-Disposition: form-data; name=\"image[avatar]\"; filename=\"mvc1.png\"\r\nContent-Type: image/png\r\n">}, "commit"=>"Create Image"}
Command :: file -b --mime '/var/folders/5n/6f5bmpfn4c921x048nyt561w0000gn/T/59b4754925725e90e8aab90e1fdcb59d20170605-50721-3eep5v.png'
  [1m[35m (0.2ms)[0m  [1m[35mBEGIN[0m
Command :: file -b --mime '/var/folders/5n/6f5bmpfn4c921x048nyt561w0000gn/T/59b4754925725e90e8aab90e1fdcb59d20170605-50721-1uhqocs.png'
  [1m[35mSQL (0.8ms)[0m  [1m[32mINSERT INTO "images" ("name", "image", "created_at", "updated_at", "avatar_file_name", "avatar_content_type", "avatar_file_size", "avatar_updated_at") VALUES ($1, $2, $3, $4, $5, $6, $7, $8) RETURNING "id"[0m  [["name", "MVC"], ["image", ""], ["created_at", 2017-06-05 21:09:31 UTC], ["updated_at", 2017-06-05 21:09:31 UTC], ["avatar_file_name", "mvc1.png"], ["avatar_content_type", "image/png"], ["avatar_file_size", 32170], ["avatar_updated_at", 2017-06-05 21:09:31 UTC]]
  [1m[35m (7.1ms)[0m  [1m[35mCOMMIT[0m
Redirected to http://localhost:3000/images/1
Completed 302 Found in 99ms (ActiveRecord: 8.1ms)


Started GET "/images/1" for ::1 at 2017-06-05 17:09:31 -0400
Processing by ImagesController#show as HTML
  Parameters: {"id"=>"1"}
  [1m[36mImage Load (0.4ms)[0m  [1m[34mSELECT  "images".* FROM "images" WHERE "images"."id" = $1 LIMIT $2[0m  [["id", 1], ["LIMIT", 1]]
  Rendering images/show.html.erb within layouts/application
  Rendered images/show.html.erb within layouts/application (1.0ms)
  [1m[36mUser Load (0.3ms)[0m  [1m[34mSELECT  "users".* FROM "users" WHERE "users"."id" = $1 LIMIT $2[0m  [["id", 1], ["LIMIT", 1]]
Completed 200 OK in 116ms (Views: 102.7ms | ActiveRecord: 8.4ms)


Started GET "/images/1" for ::1 at 2017-06-05 17:09:51 -0400
Processing by ImagesController#show as HTML
  Parameters: {"id"=>"1"}
  [1m[36mImage Load (1.0ms)[0m  [1m[34mSELECT  "images".* FROM "images" WHERE "images"."id" = $1 LIMIT $2[0m  [["id", 1], ["LIMIT", 1]]
  Rendering images/show.html.erb within layouts/application
  Rendered images/show.html.erb within layouts/application (1.4ms)
  [1m[36mUser Load (1.1ms)[0m  [1m[34mSELECT  "users".* FROM "users" WHERE "users"."id" = $1 LIMIT $2[0m  [["id", 1], ["LIMIT", 1]]
Completed 200 OK in 58ms (Views: 53.6ms | ActiveRecord: 2.1ms)


